2026-03-05 19:38:39 | INFO | 
Servidor escuchando en 127.0.0.1:8888
2026-03-05 19:38:46 | INFO | 
=======================================================
2026-03-05 19:38:46 | INFO | Jugador 1 conectado desde ('127.0.0.1', 55510)
2026-03-05 19:38:46 | INFO | =======================================================
2026-03-05 19:38:46 | INFO | 
========================================================
2026-03-05 19:38:46 | INFO | Jugadores en espera: 1
2026-03-05 19:38:46 | INFO | ========================================================
2026-03-05 19:38:49 | INFO | 
=======================================================
2026-03-05 19:38:49 | INFO | Jugador 2 conectado desde ('127.0.0.1', 55517)
2026-03-05 19:38:49 | INFO | =======================================================
2026-03-05 19:38:49 | INFO | 
========================================================
2026-03-05 19:38:49 | INFO | Jugadores en espera: 2
2026-03-05 19:38:49 | INFO | ========================================================
2026-03-05 19:38:49 | INFO | [PARTIDA 1] Sesión creada entre J1 y J2
2026-03-05 19:38:49 | INFO | [PARTIDA 1] Mensajes de inicio enviados a ambos jugadores
2026-03-05 19:38:49 | INFO | 
----------- PARTIDA INICIADA -----------
2026-03-05 19:38:49 | INFO | Partida #1
2026-03-05 19:38:49 | INFO | Jugador 1 ('127.0.0.1', 55510)
2026-03-05 19:38:49 | INFO | Jugador 2 ('127.0.0.1', 55517)
2026-03-05 19:38:49 | INFO | ----------------------------------------

2026-03-05 19:38:49 | INFO | ========================================================
2026-03-05 19:38:49 | INFO | Partidas activas: 1
2026-03-05 19:38:49 | INFO | 
========================================================
2026-03-05 19:38:49 | INFO | Jugadores en espera: 0
2026-03-05 19:38:49 | INFO | ========================================================
2026-03-05 19:38:53 | INFO | 
=======================================================
2026-03-05 19:38:53 | INFO | Jugador 3 conectado desde ('127.0.0.1', 55524)
2026-03-05 19:38:53 | INFO | =======================================================
2026-03-05 19:38:53 | INFO | 
========================================================
2026-03-05 19:38:53 | INFO | Jugadores en espera: 1
2026-03-05 19:38:53 | INFO | ========================================================
2026-03-05 19:39:18 | INFO | 
=======================================================
2026-03-05 19:39:18 | INFO | Jugador 4 conectado desde ('127.0.0.1', 56698)
2026-03-05 19:39:18 | INFO | =======================================================
2026-03-05 19:39:18 | INFO | 
========================================================
2026-03-05 19:39:18 | INFO | Jugadores en espera: 2
2026-03-05 19:39:18 | INFO | ========================================================
2026-03-05 19:39:18 | INFO | [PARTIDA 2] Sesión creada entre J1 y J2
2026-03-05 19:39:18 | INFO | [PARTIDA 2] Mensajes de inicio enviados a ambos jugadores
2026-03-05 19:39:18 | INFO | 
----------- PARTIDA INICIADA -----------
2026-03-05 19:39:18 | INFO | Partida #2
2026-03-05 19:39:18 | INFO | Jugador 3 ('127.0.0.1', 55524)
2026-03-05 19:39:18 | INFO | Jugador 4 ('127.0.0.1', 56698)
2026-03-05 19:39:18 | INFO | ----------------------------------------

2026-03-05 19:39:18 | INFO | ========================================================
2026-03-05 19:39:18 | INFO | Partidas activas: 2
2026-03-05 19:39:18 | INFO | 
========================================================
2026-03-05 19:39:18 | INFO | Jugadores en espera: 0
2026-03-05 19:39:18 | INFO | ========================================================
2026-03-05 19:40:12 | INFO | [PARTIDA 1] J2 colocó barco índice 1 en (0,0) H
2026-03-05 19:41:45 | WARNING | [PARTIDA 2] J2 intento colocar barco inválido en (5,56)
2026-03-05 19:41:49 | INFO | [PARTIDA 2] J2 colocó barco índice 1 en (5,5) V
2026-03-05 19:42:01 | INFO | [PARTIDA 2] J1 colocó barco índice 1 en (9,7) V
2026-03-05 19:42:01 | INFO | [PARTIDA 2] Turnos iniciados. Turno de J1
2026-03-05 19:42:01 | INFO | [PARTIDA 2] Turno actualizado: J1 juega ahora
2026-03-05 19:42:07 | INFO | [PARTIDA 2] J1 dispara a (0,0) → AGUA
2026-03-05 19:42:07 | INFO | [PARTIDA 2] Turno actualizado: J2 juega ahora
2026-03-05 19:43:12 | INFO | [PARTIDA 1] J1 colocó barco índice 1 en (3,3) H
2026-03-05 19:43:12 | INFO | [PARTIDA 1] Turnos iniciados. Turno de J1
2026-03-05 19:43:12 | INFO | [PARTIDA 1] Turno actualizado: J1 juega ahora
2026-03-05 19:43:23 | INFO | [PARTIDA 1] J1 dispara a (0,0) → TOCADO
2026-03-05 19:43:23 | INFO | [PARTIDA 1] Turno actualizado: J2 juega ahora
2026-03-05 19:44:45 | INFO | [PARTIDA 2] J2 dispara a (9,7) → TOCADO
2026-03-05 19:44:45 | INFO | [PARTIDA 2] Turno actualizado: J1 juega ahora
2026-03-05 19:44:57 | INFO | [PARTIDA 2] J1 dispara a (5,5) → TOCADO
2026-03-05 19:44:57 | INFO | [PARTIDA 2] Turno actualizado: J2 juega ahora
2026-03-05 19:45:04 | INFO | [PARTIDA 2] J2 dispara a (7,8) → AGUA
2026-03-05 19:45:04 | INFO | [PARTIDA 2] Turno actualizado: J1 juega ahora
2026-03-05 19:45:21 | INFO | [PARTIDA 2] J1 dispara a (5,6) → TOCADO_Y_HUNDIDO
2026-03-05 19:45:21 | INFO | [PARTIDA 2] Partida finalizada. Ganador: J1
2026-03-05 19:45:41 | INFO | 
=======================================================
2026-03-05 19:45:41 | INFO | Cliente desconectado: J4 ('127.0.0.1', 56698)
2026-03-05 19:45:41 | INFO | ========================================================
2026-03-05 19:45:44 | INFO | 
=======================================================
2026-03-05 19:45:44 | INFO | Cliente desconectado: J3 ('127.0.0.1', 55524)
2026-03-05 19:45:44 | INFO | ========================================================
2026-03-05 19:46:27 | INFO | [PARTIDA 1] J2 dispara a (3,3) → TOCADO
2026-03-05 19:46:27 | INFO | [PARTIDA 1] Turno actualizado: J1 juega ahora
2026-03-05 19:46:48 | INFO | [PARTIDA 1] J1 dispara a (1,1) → AGUA
2026-03-05 19:46:48 | INFO | [PARTIDA 1] Turno actualizado: J2 juega ahora
2026-03-05 19:47:09 | INFO | [PARTIDA 1] J2 dispara a (4,3) → TOCADO_Y_HUNDIDO
2026-03-05 19:47:09 | INFO | [PARTIDA 1] Partida finalizada. Ganador: J2
2026-03-05 19:47:18 | INFO | 
=======================================================
2026-03-05 19:47:18 | INFO | Cliente desconectado: J1 ('127.0.0.1', 55510)
2026-03-05 19:47:18 | INFO | ========================================================
2026-03-05 19:47:20 | INFO | 
=======================================================
2026-03-05 19:47:20 | INFO | Cliente desconectado: J2 ('127.0.0.1', 55517)
2026-03-05 19:47:20 | INFO | ========================================================
2026-03-05 20:23:40 | INFO | 
Servidor escuchando en 127.0.0.1:8888
2026-03-05 20:23:48 | INFO | 
=======================================================
2026-03-05 20:23:48 | INFO | Jugador 1 conectado desde ('127.0.0.1', 60326)
2026-03-05 20:23:48 | INFO | =======================================================
2026-03-05 20:23:48 | INFO | 
========================================================
2026-03-05 20:23:48 | INFO | Jugadores en espera: 1
2026-03-05 20:23:48 | INFO | ========================================================
2026-03-05 20:23:51 | INFO | 
=======================================================
2026-03-05 20:23:51 | INFO | Jugador 2 conectado desde ('127.0.0.1', 60333)
2026-03-05 20:23:51 | INFO | =======================================================
2026-03-05 20:23:51 | INFO | 
========================================================
2026-03-05 20:23:51 | INFO | Jugadores en espera: 2
2026-03-05 20:23:51 | INFO | ========================================================
2026-03-05 20:23:51 | INFO | [PARTIDA 1] Sesión creada entre J1 y J2
2026-03-05 20:23:51 | INFO | [PARTIDA 1] Mensajes de inicio enviados a ambos jugadores
2026-03-05 20:23:51 | INFO | 
----------- PARTIDA INICIADA -----------
2026-03-05 20:23:51 | INFO | Partida #1
2026-03-05 20:23:51 | INFO | Jugador 1 ('127.0.0.1', 60326)
2026-03-05 20:23:51 | INFO | Jugador 2 ('127.0.0.1', 60333)
2026-03-05 20:23:51 | INFO | ----------------------------------------

2026-03-05 20:23:51 | INFO | ========================================================
2026-03-05 20:23:51 | INFO | Partidas activas: 1
2026-03-05 20:23:51 | INFO | 
========================================================
2026-03-05 20:23:51 | INFO | Jugadores en espera: 0
2026-03-05 20:23:51 | INFO | ========================================================
2026-03-05 20:23:59 | INFO | [PARTIDA 1] J2 colocó barco índice 1 en (0,0) H
2026-03-05 20:24:09 | INFO | [PARTIDA 1] J1 colocó barco índice 1 en (5,5) V
2026-03-05 20:24:09 | INFO | [PARTIDA 1] Turnos iniciados. Turno de J1
2026-03-05 20:24:09 | INFO | [PARTIDA 1] Turno actualizado: J1 juega ahora
2026-03-05 20:24:54 | INFO | 
=======================================================
2026-03-05 20:24:54 | INFO | Jugador 3 conectado desde ('127.0.0.1', 51947)
2026-03-05 20:24:54 | INFO | =======================================================
2026-03-05 20:24:54 | INFO | 
========================================================
2026-03-05 20:24:54 | INFO | Jugadores en espera: 1
2026-03-05 20:24:54 | INFO | ========================================================
2026-03-05 20:25:04 | INFO | 
=======================================================
2026-03-05 20:25:04 | INFO | Jugador 4 conectado desde ('127.0.0.1', 51955)
2026-03-05 20:25:04 | INFO | =======================================================
2026-03-05 20:25:04 | INFO | 
========================================================
2026-03-05 20:25:04 | INFO | Jugadores en espera: 2
2026-03-05 20:25:04 | INFO | ========================================================
2026-03-05 20:25:04 | INFO | [PARTIDA 2] Sesión creada entre J1 y J2
2026-03-05 20:25:04 | INFO | [PARTIDA 2] Mensajes de inicio enviados a ambos jugadores
2026-03-05 20:25:04 | INFO | 
----------- PARTIDA INICIADA -----------
2026-03-05 20:25:04 | INFO | Partida #2
2026-03-05 20:25:04 | INFO | Jugador 3 ('127.0.0.1', 51947)
2026-03-05 20:25:04 | INFO | Jugador 4 ('127.0.0.1', 51955)
2026-03-05 20:25:04 | INFO | ----------------------------------------

2026-03-05 20:25:04 | INFO | ========================================================
2026-03-05 20:25:04 | INFO | Partidas activas: 2
2026-03-05 20:25:04 | INFO | 
========================================================
2026-03-05 20:25:04 | INFO | Jugadores en espera: 0
2026-03-05 20:25:04 | INFO | ========================================================
2026-03-05 20:25:08 | INFO | [PARTIDA 2] J2 colocó barco índice 1 en (6,6) V
2026-03-05 20:25:15 | INFO | [PARTIDA 2] J1 colocó barco índice 1 en (3,4) V
2026-03-05 20:25:15 | INFO | [PARTIDA 2] Turnos iniciados. Turno de J1
2026-03-05 20:25:15 | INFO | [PARTIDA 2] Turno actualizado: J1 juega ahora
2026-03-05 20:25:20 | INFO | [PARTIDA 2] J1 dispara a (6,6) → TOCADO
2026-03-05 20:25:20 | INFO | [PARTIDA 2] Turno actualizado: J2 juega ahora
2026-03-05 20:27:12 | INFO | [PARTIDA 1] J1 dispara a (5,5) → AGUA
2026-03-05 20:27:12 | INFO | [PARTIDA 1] Turno actualizado: J2 juega ahora
2026-03-05 20:27:18 | INFO | 
=======================================================
2026-03-05 20:27:18 | INFO | Cliente desconectado: J1 ('127.0.0.1', 60326)
2026-03-05 20:27:18 | INFO | ========================================================
2026-03-05 20:27:24 | INFO | 
=======================================================
2026-03-05 20:27:24 | INFO | Cliente desconectado: J3 ('127.0.0.1', 51947)
2026-03-05 20:27:24 | INFO | ========================================================
2026-03-05 20:27:35 | INFO | 
=======================================================
2026-03-05 20:27:35 | INFO | Cliente desconectado: J2 ('127.0.0.1', 60333)
2026-03-05 20:27:35 | INFO | ========================================================
2026-03-05 20:27:46 | INFO | 
=======================================================
2026-03-05 20:27:46 | INFO | Cliente desconectado: J4 ('127.0.0.1', 51955)
2026-03-05 20:27:46 | INFO | ========================================================
2026-03-05 20:41:24 | INFO | 
Servidor escuchando en 127.0.0.1:8888
2026-03-05 20:44:17 | INFO | 
Servidor escuchando en 127.0.0.1:8888
2026-03-05 20:44:30 | INFO | 
=======================================================
2026-03-05 20:44:30 | INFO | Jugador 1 conectado desde ('127.0.0.1', 62835)
2026-03-05 20:44:30 | INFO | =======================================================
2026-03-05 20:44:30 | INFO | 
========================================================
2026-03-05 20:44:30 | INFO | Jugadores en espera: 1
2026-03-05 20:44:30 | INFO | ========================================================
2026-03-05 20:44:48 | INFO | 
=======================================================
2026-03-05 20:44:48 | INFO | Jugador 2 conectado desde ('127.0.0.1', 62842)
2026-03-05 20:44:48 | INFO | =======================================================
2026-03-05 20:44:48 | INFO | 
========================================================
2026-03-05 20:44:48 | INFO | Jugadores en espera: 2
2026-03-05 20:44:48 | INFO | ========================================================
2026-03-05 20:44:48 | INFO | [PARTIDA 1] Sesión creada entre J1 y J2
2026-03-05 20:44:48 | INFO | [PARTIDA 1] Mensajes de inicio enviados a ambos jugadores
2026-03-05 20:44:48 | INFO | 
----------- PARTIDA INICIADA -----------
2026-03-05 20:44:48 | INFO | Partida #1
2026-03-05 20:44:48 | INFO | Jugador 1 ('127.0.0.1', 62835)
2026-03-05 20:44:48 | INFO | Jugador 2 ('127.0.0.1', 62842)
2026-03-05 20:44:48 | INFO | ----------------------------------------

2026-03-05 20:44:48 | INFO | ========================================================
2026-03-05 20:44:48 | INFO | Partidas activas: 1
2026-03-05 20:44:48 | INFO | 
========================================================
2026-03-05 20:44:48 | INFO | Jugadores en espera: 0
2026-03-05 20:44:48 | INFO | ========================================================
2026-03-05 20:46:08 | INFO | 
=======================================================
2026-03-05 20:46:08 | INFO | Cliente desconectado: J2 ('127.0.0.1', 62842)
2026-03-05 20:46:08 | INFO | ========================================================
2026-03-05 20:46:13 | INFO | 
=======================================================
2026-03-05 20:46:13 | INFO | Cliente desconectado: J1 ('127.0.0.1', 62835)
2026-03-05 20:46:13 | INFO | ========================================================
